c:\users\baran\source\repos\consoleapplication2\consoleapplication2\x64\debug\vc143.pdb
c:\users\baran\source\repos\consoleapplication2\consoleapplication2\x64\debug\vc143.idb
c:\users\baran\source\repos\consoleapplication2\consoleapplication2\x64\debug\operation_not_supported.obj
c:\users\baran\source\repos\consoleapplication2\consoleapplication2\x64\debug\not_implemented.obj
c:\users\baran\source\repos\consoleapplication2\consoleapplication2\x64\debug\logger_holder.obj
c:\users\baran\source\repos\consoleapplication2\consoleapplication2\x64\debug\logger_concrete.obj
c:\users\baran\source\repos\consoleapplication2\consoleapplication2\x64\debug\logger_builder_concrete.obj
c:\users\baran\source\repos\consoleapplication2\consoleapplication2\x64\debug\logger_builder.obj
c:\users\baran\source\repos\consoleapplication2\consoleapplication2\x64\debug\consoleapplication2.obj
c:\users\baran\source\repos\consoleapplication2\consoleapplication2\x64\debug\allocator_sorted_list.obj
c:\users\baran\source\repos\consoleapplication2\consoleapplication2\x64\debug\allocator_holder.obj
c:\users\baran\source\repos\consoleapplication2\consoleapplication2\x64\debug\allocator.obj
c:\users\baran\source\repos\consoleapplication2\consoleapplication2\x64\debug\logger.obj
c:\users\baran\source\repos\consoleapplication2\consoleapplication2\x64\debug\allocator_border_descriptors.obj
c:\users\baran\source\repos\consoleapplication2\consoleapplication2\x64\debug\consoleapplication2.ilk
c:\users\baran\source\repos\consoleapplication2\x64\debug\consoleapplication2.pdb
c:\users\baran\source\repos\consoleapplication2\x64\debug\consoleapplication2.exe
c:\users\baran\source\repos\consoleapplication2\consoleapplication2\x64\debug\consolea.1649d19e.tlog\cl.command.1.tlog
c:\users\baran\source\repos\consoleapplication2\consoleapplication2\x64\debug\consolea.1649d19e.tlog\cl.items.tlog
c:\users\baran\source\repos\consoleapplication2\consoleapplication2\x64\debug\consolea.1649d19e.tlog\cl.read.1.tlog
c:\users\baran\source\repos\consoleapplication2\consoleapplication2\x64\debug\consolea.1649d19e.tlog\cl.write.1.tlog
c:\users\baran\source\repos\consoleapplication2\consoleapplication2\x64\debug\consolea.1649d19e.tlog\link.command.1.tlog
c:\users\baran\source\repos\consoleapplication2\consoleapplication2\x64\debug\consolea.1649d19e.tlog\link.read.1.tlog
c:\users\baran\source\repos\consoleapplication2\consoleapplication2\x64\debug\consolea.1649d19e.tlog\link.write.1.tlog
